{"/Users/angelikaprudente/Desktop/Mocktologist/Backend/aiSetup.js": {"path":"/Users/angelikaprudente/Desktop/Mocktologist/Backend/aiSetup.js","statementMap":{"0":{"start":{"line":1,"column":0},"end":{"line":1,"column":27}},"1":{"start":{"line":3,"column":15},"end":{"line":3,"column":32}},"2":{"start":{"line":5,"column":15},"end":{"line":7,"column":2}},"3":{"start":{"line":9,"column":0},"end":{"line":9,"column":24}}},"fnMap":{},"branchMap":{},"s":{"0":0,"1":0,"2":0,"3":0},"f":{},"b":{}}
,"/Users/angelikaprudente/Desktop/Mocktologist/Backend/app.js": {"path":"/Users/angelikaprudente/Desktop/Mocktologist/Backend/app.js","statementMap":{"0":{"start":{"line":1,"column":16},"end":{"line":1,"column":34}},"1":{"start":{"line":2,"column":13},"end":{"line":2,"column":28}},"2":{"start":{"line":3,"column":15},"end":{"line":3,"column":48}},"3":{"start":{"line":5,"column":19},"end":{"line":5,"column":44}},"4":{"start":{"line":6,"column":20},"end":{"line":6,"column":46}},"5":{"start":{"line":7,"column":22},"end":{"line":7,"column":59}},"6":{"start":{"line":9,"column":12},"end":{"line":9,"column":21}},"7":{"start":{"line":10,"column":0},"end":{"line":10,"column":16}},"8":{"start":{"line":11,"column":0},"end":{"line":11,"column":24}},"9":{"start":{"line":12,"column":0},"end":{"line":12,"column":52}},"10":{"start":{"line":12,"column":36},"end":{"line":12,"column":52}},"11":{"start":{"line":14,"column":0},"end":{"line":16,"column":3}},"12":{"start":{"line":15,"column":4},"end":{"line":15,"column":69}},"13":{"start":{"line":18,"column":0},"end":{"line":18,"column":29}},"14":{"start":{"line":19,"column":0},"end":{"line":19,"column":46}},"15":{"start":{"line":21,"column":0},"end":{"line":21,"column":21}}},"fnMap":{"0":{"name":"(anonymous_0)","decl":{"start":{"line":14,"column":13},"end":{"line":14,"column":14}},"loc":{"start":{"line":14,"column":27},"end":{"line":16,"column":1}},"line":14}},"branchMap":{"0":{"loc":{"start":{"line":12,"column":0},"end":{"line":12,"column":52}},"type":"if","locations":[{"start":{"line":12,"column":0},"end":{"line":12,"column":52}},{"start":{},"end":{}}],"line":12}},"s":{"0":0,"1":0,"2":0,"3":0,"4":0,"5":0,"6":0,"7":0,"8":0,"9":0,"10":0,"11":0,"12":0,"13":0,"14":0,"15":0},"f":{"0":0},"b":{"0":[0,0]}}
,"/Users/angelikaprudente/Desktop/Mocktologist/Backend/index.js": {"path":"/Users/angelikaprudente/Desktop/Mocktologist/Backend/index.js","statementMap":{"0":{"start":{"line":1,"column":0},"end":{"line":1,"column":27}},"1":{"start":{"line":3,"column":12},"end":{"line":3,"column":28}},"2":{"start":{"line":5,"column":0},"end":{"line":7,"column":3}},"3":{"start":{"line":6,"column":4},"end":{"line":6,"column":56}}},"fnMap":{"0":{"name":"(anonymous_0)","decl":{"start":{"line":5,"column":29},"end":{"line":5,"column":30}},"loc":{"start":{"line":5,"column":35},"end":{"line":7,"column":1}},"line":5}},"branchMap":{},"s":{"0":0,"1":0,"2":0,"3":0},"f":{"0":0},"b":{}}
,"/Users/angelikaprudente/Desktop/Mocktologist/Backend/controllers/drink.js": {"path":"/Users/angelikaprudente/Desktop/Mocktologist/Backend/controllers/drink.js","statementMap":{"0":{"start":{"line":1,"column":14},"end":{"line":1,"column":43}},"1":{"start":{"line":2,"column":15},"end":{"line":2,"column":39}},"2":{"start":{"line":5,"column":4},"end":{"line":33,"column":5}},"3":{"start":{"line":6,"column":23},"end":{"line":6,"column":41}},"4":{"start":{"line":7,"column":22},"end":{"line":7,"column":39}},"5":{"start":{"line":8,"column":26},"end":{"line":8,"column":47}},"6":{"start":{"line":11,"column":8},"end":{"line":15,"column":9}},"7":{"start":{"line":12,"column":12},"end":{"line":12,"column":384}},"8":{"start":{"line":14,"column":12},"end":{"line":14,"column":374}},"9":{"start":{"line":17,"column":25},"end":{"line":20,"column":10}},"10":{"start":{"line":22,"column":32},"end":{"line":22,"column":67}},"11":{"start":{"line":24,"column":22},"end":{"line":29,"column":9}},"12":{"start":{"line":30,"column":8},"end":{"line":30,"column":36}},"13":{"start":{"line":32,"column":8},"end":{"line":32,"column":53}},"14":{"start":{"line":37,"column":4},"end":{"line":42,"column":5}},"15":{"start":{"line":38,"column":22},"end":{"line":38,"column":50}},"16":{"start":{"line":39,"column":8},"end":{"line":39,"column":36}},"17":{"start":{"line":41,"column":8},"end":{"line":41,"column":52}},"18":{"start":{"line":46,"column":4},"end":{"line":52,"column":5}},"19":{"start":{"line":47,"column":21},"end":{"line":47,"column":44}},"20":{"start":{"line":48,"column":22},"end":{"line":48,"column":58}},"21":{"start":{"line":49,"column":8},"end":{"line":49,"column":36}},"22":{"start":{"line":51,"column":8},"end":{"line":51,"column":53}},"23":{"start":{"line":56,"column":4},"end":{"line":62,"column":5}},"24":{"start":{"line":57,"column":21},"end":{"line":57,"column":44}},"25":{"start":{"line":58,"column":22},"end":{"line":58,"column":56}},"26":{"start":{"line":59,"column":8},"end":{"line":59,"column":36}},"27":{"start":{"line":61,"column":8},"end":{"line":61,"column":53}},"28":{"start":{"line":66,"column":4},"end":{"line":73,"column":5}},"29":{"start":{"line":67,"column":21},"end":{"line":67,"column":44}},"30":{"start":{"line":68,"column":22},"end":{"line":68,"column":56}},"31":{"start":{"line":69,"column":8},"end":{"line":69,"column":31}},"32":{"start":{"line":70,"column":8},"end":{"line":70,"column":44}},"33":{"start":{"line":72,"column":8},"end":{"line":72,"column":53}},"34":{"start":{"line":77,"column":4},"end":{"line":84,"column":5}},"35":{"start":{"line":78,"column":19},"end":{"line":78,"column":42}},"36":{"start":{"line":79,"column":22},"end":{"line":79,"column":48}},"37":{"start":{"line":80,"column":8},"end":{"line":80,"column":30}},"38":{"start":{"line":81,"column":8},"end":{"line":81,"column":53}},"39":{"start":{"line":83,"column":8},"end":{"line":83,"column":53}},"40":{"start":{"line":88,"column":4},"end":{"line":95,"column":5}},"41":{"start":{"line":89,"column":19},"end":{"line":89,"column":42}},"42":{"start":{"line":90,"column":22},"end":{"line":90,"column":48}},"43":{"start":{"line":91,"column":29},"end":{"line":91,"column":63}},"44":{"start":{"line":92,"column":8},"end":{"line":92,"column":43}},"45":{"start":{"line":94,"column":8},"end":{"line":94,"column":53}},"46":{"start":{"line":99,"column":4},"end":{"line":106,"column":5}},"47":{"start":{"line":100,"column":19},"end":{"line":100,"column":42}},"48":{"start":{"line":101,"column":22},"end":{"line":101,"column":48}},"49":{"start":{"line":102,"column":29},"end":{"line":102,"column":64}},"50":{"start":{"line":103,"column":8},"end":{"line":103,"column":43}},"51":{"start":{"line":105,"column":8},"end":{"line":105,"column":53}},"52":{"start":{"line":110,"column":4},"end":{"line":116,"column":5}},"53":{"start":{"line":111,"column":21},"end":{"line":111,"column":44}},"54":{"start":{"line":112,"column":23},"end":{"line":112,"column":53}},"55":{"start":{"line":113,"column":8},"end":{"line":113,"column":37}},"56":{"start":{"line":115,"column":8},"end":{"line":115,"column":53}},"57":{"start":{"line":119,"column":0},"end":{"line":121,"column":2}}},"fnMap":{"0":{"name":"newResponse","decl":{"start":{"line":4,"column":15},"end":{"line":4,"column":26}},"loc":{"start":{"line":4,"column":38},"end":{"line":34,"column":1}},"line":4},"1":{"name":"create","decl":{"start":{"line":36,"column":15},"end":{"line":36,"column":21}},"loc":{"start":{"line":36,"column":33},"end":{"line":43,"column":1}},"line":36},"2":{"name":"showCompleted","decl":{"start":{"line":45,"column":15},"end":{"line":45,"column":28}},"loc":{"start":{"line":45,"column":40},"end":{"line":53,"column":1}},"line":45},"3":{"name":"showCurrent","decl":{"start":{"line":55,"column":15},"end":{"line":55,"column":26}},"loc":{"start":{"line":55,"column":38},"end":{"line":63,"column":1}},"line":55},"4":{"name":"completeCurrent","decl":{"start":{"line":65,"column":15},"end":{"line":65,"column":30}},"loc":{"start":{"line":65,"column":42},"end":{"line":74,"column":1}},"line":65},"5":{"name":"destroy","decl":{"start":{"line":76,"column":15},"end":{"line":76,"column":22}},"loc":{"start":{"line":76,"column":34},"end":{"line":85,"column":1}},"line":76},"6":{"name":"updateRating","decl":{"start":{"line":87,"column":15},"end":{"line":87,"column":27}},"loc":{"start":{"line":87,"column":39},"end":{"line":96,"column":1}},"line":87},"7":{"name":"updatePicture","decl":{"start":{"line":98,"column":15},"end":{"line":98,"column":28}},"loc":{"start":{"line":98,"column":40},"end":{"line":107,"column":1}},"line":98},"8":{"name":"getTop3","decl":{"start":{"line":109,"column":15},"end":{"line":109,"column":22}},"loc":{"start":{"line":109,"column":34},"end":{"line":117,"column":1}},"line":109}},"branchMap":{"0":{"loc":{"start":{"line":11,"column":8},"end":{"line":15,"column":9}},"type":"if","locations":[{"start":{"line":11,"column":8},"end":{"line":15,"column":9}},{"start":{"line":13,"column":15},"end":{"line":15,"column":9}}],"line":11}},"s":{"0":0,"1":0,"2":0,"3":0,"4":0,"5":0,"6":0,"7":0,"8":0,"9":0,"10":0,"11":0,"12":0,"13":0,"14":0,"15":0,"16":0,"17":0,"18":0,"19":0,"20":0,"21":0,"22":0,"23":0,"24":0,"25":0,"26":0,"27":0,"28":0,"29":0,"30":0,"31":0,"32":0,"33":0,"34":0,"35":0,"36":0,"37":0,"38":0,"39":0,"40":0,"41":0,"42":0,"43":0,"44":0,"45":0,"46":0,"47":0,"48":0,"49":0,"50":0,"51":0,"52":0,"53":0,"54":0,"55":0,"56":0,"57":0},"f":{"0":0,"1":0,"2":0,"3":0,"4":0,"5":0,"6":0,"7":0,"8":0},"b":{"0":[0,0]}}
,"/Users/angelikaprudente/Desktop/Mocktologist/Backend/controllers/user.js": {"path":"/Users/angelikaprudente/Desktop/Mocktologist/Backend/controllers/user.js","statementMap":{"0":{"start":{"line":1,"column":13},"end":{"line":1,"column":41}},"1":{"start":{"line":2,"column":14},"end":{"line":2,"column":43}},"2":{"start":{"line":3,"column":15},"end":{"line":3,"column":32}},"3":{"start":{"line":4,"column":14},"end":{"line":4,"column":43}},"4":{"start":{"line":7,"column":4},"end":{"line":12,"column":5}},"5":{"start":{"line":8,"column":22},"end":{"line":8,"column":41}},"6":{"start":{"line":9,"column":8},"end":{"line":9,"column":36}},"7":{"start":{"line":11,"column":8},"end":{"line":11,"column":52}},"8":{"start":{"line":16,"column":4},"end":{"line":25,"column":5}},"9":{"start":{"line":17,"column":21},"end":{"line":17,"column":29}},"10":{"start":{"line":18,"column":21},"end":{"line":18,"column":83}},"11":{"start":{"line":19,"column":8},"end":{"line":19,"column":63}},"12":{"start":{"line":21,"column":21},"end":{"line":21,"column":48}},"13":{"start":{"line":22,"column":8},"end":{"line":22,"column":35}},"14":{"start":{"line":24,"column":8},"end":{"line":24,"column":53}},"15":{"start":{"line":29,"column":4},"end":{"line":37,"column":5}},"16":{"start":{"line":30,"column":21},"end":{"line":30,"column":37}},"17":{"start":{"line":31,"column":22},"end":{"line":31,"column":53}},"18":{"start":{"line":32,"column":21},"end":{"line":32,"column":54}},"19":{"start":{"line":34,"column":8},"end":{"line":34,"column":35}},"20":{"start":{"line":36,"column":8},"end":{"line":36,"column":53}},"21":{"start":{"line":41,"column":4},"end":{"line":48,"column":5}},"22":{"start":{"line":42,"column":21},"end":{"line":42,"column":44}},"23":{"start":{"line":43,"column":21},"end":{"line":43,"column":57}},"24":{"start":{"line":45,"column":8},"end":{"line":45,"column":42}},"25":{"start":{"line":47,"column":8},"end":{"line":47,"column":53}},"26":{"start":{"line":52,"column":4},"end":{"line":67,"column":5}},"27":{"start":{"line":53,"column":21},"end":{"line":53,"column":29}},"28":{"start":{"line":54,"column":21},"end":{"line":54,"column":57}},"29":{"start":{"line":57,"column":30},"end":{"line":57,"column":80}},"30":{"start":{"line":59,"column":8},"end":{"line":61,"column":9}},"31":{"start":{"line":60,"column":12},"end":{"line":60,"column":53}},"32":{"start":{"line":63,"column":22},"end":{"line":63,"column":49}},"33":{"start":{"line":64,"column":8},"end":{"line":64,"column":116}},"34":{"start":{"line":66,"column":8},"end":{"line":66,"column":55}},"35":{"start":{"line":72,"column":4},"end":{"line":79,"column":5}},"36":{"start":{"line":73,"column":19},"end":{"line":73,"column":42}},"37":{"start":{"line":74,"column":21},"end":{"line":74,"column":46}},"38":{"start":{"line":75,"column":28},"end":{"line":75,"column":55}},"39":{"start":{"line":76,"column":8},"end":{"line":76,"column":42}},"40":{"start":{"line":78,"column":8},"end":{"line":78,"column":53}},"41":{"start":{"line":83,"column":4},"end":{"line":90,"column":5}},"42":{"start":{"line":84,"column":21},"end":{"line":84,"column":46}},"43":{"start":{"line":85,"column":22},"end":{"line":85,"column":53}},"44":{"start":{"line":86,"column":8},"end":{"line":86,"column":29}},"45":{"start":{"line":87,"column":8},"end":{"line":87,"column":53}},"46":{"start":{"line":89,"column":8},"end":{"line":89,"column":53}},"47":{"start":{"line":93,"column":0},"end":{"line":95,"column":1}}},"fnMap":{"0":{"name":"index","decl":{"start":{"line":6,"column":15},"end":{"line":6,"column":20}},"loc":{"start":{"line":6,"column":31},"end":{"line":13,"column":1}},"line":6},"1":{"name":"register","decl":{"start":{"line":15,"column":15},"end":{"line":15,"column":23}},"loc":{"start":{"line":15,"column":35},"end":{"line":26,"column":1}},"line":15},"2":{"name":"showToken","decl":{"start":{"line":28,"column":15},"end":{"line":28,"column":24}},"loc":{"start":{"line":28,"column":36},"end":{"line":38,"column":1}},"line":28},"3":{"name":"showCount","decl":{"start":{"line":40,"column":15},"end":{"line":40,"column":24}},"loc":{"start":{"line":40,"column":36},"end":{"line":49,"column":1}},"line":40},"4":{"name":"login","decl":{"start":{"line":51,"column":15},"end":{"line":51,"column":20}},"loc":{"start":{"line":51,"column":31},"end":{"line":68,"column":1}},"line":51},"5":{"name":"update","decl":{"start":{"line":71,"column":15},"end":{"line":71,"column":21}},"loc":{"start":{"line":71,"column":33},"end":{"line":80,"column":1}},"line":71},"6":{"name":"destroy","decl":{"start":{"line":82,"column":15},"end":{"line":82,"column":22}},"loc":{"start":{"line":82,"column":34},"end":{"line":91,"column":1}},"line":82}},"branchMap":{"0":{"loc":{"start":{"line":59,"column":8},"end":{"line":61,"column":9}},"type":"if","locations":[{"start":{"line":59,"column":8},"end":{"line":61,"column":9}},{"start":{},"end":{}}],"line":59}},"s":{"0":1,"1":1,"2":1,"3":1,"4":0,"5":0,"6":0,"7":0,"8":0,"9":0,"10":0,"11":0,"12":0,"13":0,"14":0,"15":0,"16":0,"17":0,"18":0,"19":0,"20":0,"21":0,"22":0,"23":0,"24":0,"25":0,"26":4,"27":4,"28":4,"29":3,"30":2,"31":1,"32":1,"33":1,"34":3,"35":0,"36":0,"37":0,"38":0,"39":0,"40":0,"41":0,"42":0,"43":0,"44":0,"45":0,"46":0,"47":1},"f":{"0":0,"1":0,"2":0,"3":0,"4":4,"5":0,"6":0},"b":{"0":[1,1]},"_coverageSchema":"1a1c01bbd47fc00a2c39e90264f33305004495a9","hash":"8b8e1f71ddddfb328ddf70ffc53648c88e0d27e9"}
,"/Users/angelikaprudente/Desktop/Mocktologist/Backend/middleware/authenticator.js": {"path":"/Users/angelikaprudente/Desktop/Mocktologist/Backend/middleware/authenticator.js","statementMap":{"0":{"start":{"line":1,"column":14},"end":{"line":1,"column":40}},"1":{"start":{"line":4,"column":4},"end":{"line":16,"column":5}},"2":{"start":{"line":5,"column":26},"end":{"line":5,"column":51}},"3":{"start":{"line":7,"column":8},"end":{"line":13,"column":9}},"4":{"start":{"line":8,"column":12},"end":{"line":8,"column":55}},"5":{"start":{"line":10,"column":31},"end":{"line":10,"column":67}},"6":{"start":{"line":12,"column":12},"end":{"line":12,"column":19}},"7":{"start":{"line":15,"column":8},"end":{"line":15,"column":51}},"8":{"start":{"line":19,"column":0},"end":{"line":19,"column":31}}},"fnMap":{"0":{"name":"authenticator","decl":{"start":{"line":3,"column":15},"end":{"line":3,"column":28}},"loc":{"start":{"line":3,"column":45},"end":{"line":17,"column":1}},"line":3}},"branchMap":{"0":{"loc":{"start":{"line":7,"column":8},"end":{"line":13,"column":9}},"type":"if","locations":[{"start":{"line":7,"column":8},"end":{"line":13,"column":9}},{"start":{"line":9,"column":15},"end":{"line":13,"column":9}}],"line":7}},"s":{"0":1,"1":2,"2":2,"3":2,"4":1,"5":1,"6":1,"7":1,"8":1},"f":{"0":2},"b":{"0":[1,1]},"_coverageSchema":"1a1c01bbd47fc00a2c39e90264f33305004495a9","hash":"e99d8128a6e2a7247cb9f831371077bc7f3170b9"}
,"/Users/angelikaprudente/Desktop/Mocktologist/Backend/middleware/logger.js": {"path":"/Users/angelikaprudente/Desktop/Mocktologist/Backend/middleware/logger.js","statementMap":{"0":{"start":{"line":2,"column":4},"end":{"line":2,"column":86}},"1":{"start":{"line":4,"column":4},"end":{"line":4,"column":11}},"2":{"start":{"line":7,"column":0},"end":{"line":7,"column":24}}},"fnMap":{"0":{"name":"logger","decl":{"start":{"line":1,"column":9},"end":{"line":1,"column":15}},"loc":{"start":{"line":1,"column":32},"end":{"line":5,"column":1}},"line":1}},"branchMap":{},"s":{"0":0,"1":0,"2":0},"f":{"0":0},"b":{}}
,"/Users/angelikaprudente/Desktop/Mocktologist/Backend/models/drink.js": {"path":"/Users/angelikaprudente/Desktop/Mocktologist/Backend/models/drink.js","statementMap":{"0":{"start":{"line":1,"column":11},"end":{"line":1,"column":41}},"1":{"start":{"line":5,"column":8},"end":{"line":5,"column":27}},"2":{"start":{"line":6,"column":8},"end":{"line":6,"column":28}},"3":{"start":{"line":7,"column":8},"end":{"line":7,"column":25}},"4":{"start":{"line":8,"column":8},"end":{"line":8,"column":34}},"5":{"start":{"line":9,"column":8},"end":{"line":9,"column":29}},"6":{"start":{"line":10,"column":8},"end":{"line":10,"column":25}},"7":{"start":{"line":11,"column":8},"end":{"line":11,"column":27}},"8":{"start":{"line":12,"column":8},"end":{"line":12,"column":29}},"9":{"start":{"line":13,"column":8},"end":{"line":13,"column":27}},"10":{"start":{"line":17,"column":25},"end":{"line":17,"column":89}},"11":{"start":{"line":18,"column":8},"end":{"line":20,"column":9}},"12":{"start":{"line":19,"column":12},"end":{"line":19,"column":53}},"13":{"start":{"line":21,"column":8},"end":{"line":21,"column":43}},"14":{"start":{"line":25,"column":95},"end":{"line":25,"column":99}},"15":{"start":{"line":26,"column":25},"end":{"line":26,"column":236}},"16":{"start":{"line":28,"column":8},"end":{"line":28,"column":43}},"17":{"start":{"line":32,"column":25},"end":{"line":32,"column":106}},"18":{"start":{"line":33,"column":8},"end":{"line":35,"column":9}},"19":{"start":{"line":34,"column":12},"end":{"line":34,"column":54}},"20":{"start":{"line":36,"column":8},"end":{"line":36,"column":52}},"21":{"start":{"line":36,"column":38},"end":{"line":36,"column":50}},"22":{"start":{"line":40,"column":25},"end":{"line":40,"column":107}},"23":{"start":{"line":41,"column":8},"end":{"line":43,"column":9}},"24":{"start":{"line":42,"column":12},"end":{"line":42,"column":53}},"25":{"start":{"line":44,"column":8},"end":{"line":44,"column":43}},"26":{"start":{"line":48,"column":25},"end":{"line":48,"column":115}},"27":{"start":{"line":49,"column":8},"end":{"line":49,"column":43}},"28":{"start":{"line":53,"column":25},"end":{"line":53,"column":104}},"29":{"start":{"line":54,"column":8},"end":{"line":54,"column":43}},"30":{"start":{"line":58,"column":25},"end":{"line":58,"column":29}},"31":{"start":{"line":59,"column":8},"end":{"line":61,"column":9}},"32":{"start":{"line":60,"column":12},"end":{"line":60,"column":45}},"33":{"start":{"line":62,"column":25},"end":{"line":62,"column":123}},"34":{"start":{"line":63,"column":8},"end":{"line":63,"column":43}},"35":{"start":{"line":67,"column":24},"end":{"line":67,"column":28}},"36":{"start":{"line":68,"column":8},"end":{"line":70,"column":9}},"37":{"start":{"line":69,"column":12},"end":{"line":69,"column":45}},"38":{"start":{"line":71,"column":25},"end":{"line":71,"column":121}},"39":{"start":{"line":72,"column":8},"end":{"line":72,"column":43}},"40":{"start":{"line":76,"column":25},"end":{"line":76,"column":135}},"41":{"start":{"line":77,"column":8},"end":{"line":79,"column":9}},"42":{"start":{"line":78,"column":12},"end":{"line":78,"column":53}},"43":{"start":{"line":80,"column":8},"end":{"line":80,"column":52}},"44":{"start":{"line":80,"column":38},"end":{"line":80,"column":50}},"45":{"start":{"line":84,"column":0},"end":{"line":84,"column":23}}},"fnMap":{"0":{"name":"(anonymous_0)","decl":{"start":{"line":4,"column":4},"end":{"line":4,"column":5}},"loc":{"start":{"line":4,"column":97},"end":{"line":14,"column":5}},"line":4},"1":{"name":"(anonymous_1)","decl":{"start":{"line":16,"column":4},"end":{"line":16,"column":5}},"loc":{"start":{"line":16,"column":32},"end":{"line":22,"column":5}},"line":16},"2":{"name":"(anonymous_2)","decl":{"start":{"line":24,"column":4},"end":{"line":24,"column":5}},"loc":{"start":{"line":24,"column":30},"end":{"line":29,"column":5}},"line":24},"3":{"name":"(anonymous_3)","decl":{"start":{"line":31,"column":4},"end":{"line":31,"column":5}},"loc":{"start":{"line":31,"column":42},"end":{"line":37,"column":5}},"line":31},"4":{"name":"(anonymous_4)","decl":{"start":{"line":36,"column":33},"end":{"line":36,"column":34}},"loc":{"start":{"line":36,"column":38},"end":{"line":36,"column":50}},"line":36},"5":{"name":"(anonymous_5)","decl":{"start":{"line":39,"column":4},"end":{"line":39,"column":5}},"loc":{"start":{"line":39,"column":40},"end":{"line":45,"column":5}},"line":39},"6":{"name":"(anonymous_6)","decl":{"start":{"line":47,"column":4},"end":{"line":47,"column":5}},"loc":{"start":{"line":47,"column":21},"end":{"line":50,"column":5}},"line":47},"7":{"name":"(anonymous_7)","decl":{"start":{"line":52,"column":4},"end":{"line":52,"column":5}},"loc":{"start":{"line":52,"column":20},"end":{"line":55,"column":5}},"line":52},"8":{"name":"(anonymous_8)","decl":{"start":{"line":57,"column":4},"end":{"line":57,"column":5}},"loc":{"start":{"line":57,"column":29},"end":{"line":64,"column":5}},"line":57},"9":{"name":"(anonymous_9)","decl":{"start":{"line":66,"column":4},"end":{"line":66,"column":5}},"loc":{"start":{"line":66,"column":30},"end":{"line":73,"column":5}},"line":66},"10":{"name":"(anonymous_10)","decl":{"start":{"line":75,"column":4},"end":{"line":75,"column":5}},"loc":{"start":{"line":75,"column":36},"end":{"line":81,"column":5}},"line":75},"11":{"name":"(anonymous_11)","decl":{"start":{"line":80,"column":33},"end":{"line":80,"column":34}},"loc":{"start":{"line":80,"column":38},"end":{"line":80,"column":50}},"line":80}},"branchMap":{"0":{"loc":{"start":{"line":18,"column":8},"end":{"line":20,"column":9}},"type":"if","locations":[{"start":{"line":18,"column":8},"end":{"line":20,"column":9}},{"start":{},"end":{}}],"line":18},"1":{"loc":{"start":{"line":25,"column":42},"end":{"line":25,"column":54}},"type":"default-arg","locations":[{"start":{"line":25,"column":49},"end":{"line":25,"column":54}}],"line":25},"2":{"loc":{"start":{"line":25,"column":63},"end":{"line":25,"column":76}},"type":"default-arg","locations":[{"start":{"line":25,"column":72},"end":{"line":25,"column":76}}],"line":25},"3":{"loc":{"start":{"line":25,"column":78},"end":{"line":25,"column":90}},"type":"default-arg","locations":[{"start":{"line":25,"column":86},"end":{"line":25,"column":90}}],"line":25},"4":{"loc":{"start":{"line":33,"column":8},"end":{"line":35,"column":9}},"type":"if","locations":[{"start":{"line":33,"column":8},"end":{"line":35,"column":9}},{"start":{},"end":{}}],"line":33},"5":{"loc":{"start":{"line":41,"column":8},"end":{"line":43,"column":9}},"type":"if","locations":[{"start":{"line":41,"column":8},"end":{"line":43,"column":9}},{"start":{},"end":{}}],"line":41},"6":{"loc":{"start":{"line":59,"column":8},"end":{"line":61,"column":9}},"type":"if","locations":[{"start":{"line":59,"column":8},"end":{"line":61,"column":9}},{"start":{},"end":{}}],"line":59},"7":{"loc":{"start":{"line":68,"column":8},"end":{"line":70,"column":9}},"type":"if","locations":[{"start":{"line":68,"column":8},"end":{"line":70,"column":9}},{"start":{},"end":{}}],"line":68},"8":{"loc":{"start":{"line":77,"column":8},"end":{"line":79,"column":9}},"type":"if","locations":[{"start":{"line":77,"column":8},"end":{"line":79,"column":9}},{"start":{},"end":{}}],"line":77},"9":{"loc":{"start":{"line":77,"column":11},"end":{"line":77,"column":64}},"type":"binary-expr","locations":[{"start":{"line":77,"column":11},"end":{"line":77,"column":36}},{"start":{"line":77,"column":40},"end":{"line":77,"column":64}}],"line":77}},"s":{"0":1,"1":0,"2":0,"3":0,"4":0,"5":0,"6":0,"7":0,"8":0,"9":0,"10":0,"11":0,"12":0,"13":0,"14":0,"15":0,"16":0,"17":0,"18":0,"19":0,"20":0,"21":0,"22":0,"23":0,"24":0,"25":0,"26":0,"27":0,"28":0,"29":0,"30":0,"31":0,"32":0,"33":0,"34":0,"35":0,"36":0,"37":0,"38":0,"39":0,"40":0,"41":0,"42":0,"43":0,"44":0,"45":1},"f":{"0":0,"1":0,"2":0,"3":0,"4":0,"5":0,"6":0,"7":0,"8":0,"9":0,"10":0,"11":0},"b":{"0":[0,0],"1":[0],"2":[0],"3":[0],"4":[0,0],"5":[0,0],"6":[0,0],"7":[0,0],"8":[0,0],"9":[0,0]},"_coverageSchema":"1a1c01bbd47fc00a2c39e90264f33305004495a9","hash":"419ec14b41c213788ed3b7d66e00879a97393cdc"}
,"/Users/angelikaprudente/Desktop/Mocktologist/Backend/models/token.js": {"path":"/Users/angelikaprudente/Desktop/Mocktologist/Backend/models/token.js","statementMap":{"0":{"start":{"line":1,"column":23},"end":{"line":1,"column":38}},"1":{"start":{"line":3,"column":11},"end":{"line":3,"column":41}},"2":{"start":{"line":7,"column":8},"end":{"line":7,"column":33}},"3":{"start":{"line":8,"column":8},"end":{"line":8,"column":28}},"4":{"start":{"line":9,"column":8},"end":{"line":9,"column":27}},"5":{"start":{"line":13,"column":22},"end":{"line":13,"column":30}},"6":{"start":{"line":14,"column":23},"end":{"line":14,"column":122}},"7":{"start":{"line":16,"column":8},"end":{"line":16,"column":43}},"8":{"start":{"line":20,"column":25},"end":{"line":20,"column":89}},"9":{"start":{"line":21,"column":8},"end":{"line":23,"column":9}},"10":{"start":{"line":22,"column":12},"end":{"line":22,"column":55}},"11":{"start":{"line":24,"column":8},"end":{"line":24,"column":43}},"12":{"start":{"line":28,"column":25},"end":{"line":28,"column":102}},"13":{"start":{"line":29,"column":8},"end":{"line":31,"column":9}},"14":{"start":{"line":30,"column":12},"end":{"line":30,"column":53}},"15":{"start":{"line":32,"column":8},"end":{"line":32,"column":43}},"16":{"start":{"line":36,"column":25},"end":{"line":36,"column":110}},"17":{"start":{"line":37,"column":8},"end":{"line":37,"column":43}},"18":{"start":{"line":41,"column":0},"end":{"line":41,"column":23}}},"fnMap":{"0":{"name":"(anonymous_0)","decl":{"start":{"line":6,"column":4},"end":{"line":6,"column":5}},"loc":{"start":{"line":6,"column":46},"end":{"line":10,"column":5}},"line":6},"1":{"name":"(anonymous_1)","decl":{"start":{"line":12,"column":4},"end":{"line":12,"column":5}},"loc":{"start":{"line":12,"column":33},"end":{"line":17,"column":5}},"line":12},"2":{"name":"(anonymous_2)","decl":{"start":{"line":19,"column":4},"end":{"line":19,"column":5}},"loc":{"start":{"line":19,"column":38},"end":{"line":25,"column":5}},"line":19},"3":{"name":"(anonymous_3)","decl":{"start":{"line":27,"column":5},"end":{"line":27,"column":6}},"loc":{"start":{"line":27,"column":37},"end":{"line":33,"column":5}},"line":27},"4":{"name":"(anonymous_4)","decl":{"start":{"line":35,"column":4},"end":{"line":35,"column":5}},"loc":{"start":{"line":35,"column":20},"end":{"line":38,"column":5}},"line":35}},"branchMap":{"0":{"loc":{"start":{"line":21,"column":8},"end":{"line":23,"column":9}},"type":"if","locations":[{"start":{"line":21,"column":8},"end":{"line":23,"column":9}},{"start":{},"end":{}}],"line":21},"1":{"loc":{"start":{"line":29,"column":8},"end":{"line":31,"column":9}},"type":"if","locations":[{"start":{"line":29,"column":8},"end":{"line":31,"column":9}},{"start":{},"end":{}}],"line":29}},"s":{"0":2,"1":2,"2":0,"3":0,"4":0,"5":0,"6":0,"7":0,"8":0,"9":0,"10":0,"11":0,"12":0,"13":0,"14":0,"15":0,"16":0,"17":0,"18":2},"f":{"0":0,"1":0,"2":0,"3":0,"4":0},"b":{"0":[0,0],"1":[0,0]},"_coverageSchema":"1a1c01bbd47fc00a2c39e90264f33305004495a9","hash":"d129c6db0aa8adfaf9070a0eae6c2ca89d81c715"}
,"/Users/angelikaprudente/Desktop/Mocktologist/Backend/models/user.js": {"path":"/Users/angelikaprudente/Desktop/Mocktologist/Backend/models/user.js","statementMap":{"0":{"start":{"line":1,"column":11},"end":{"line":1,"column":41}},"1":{"start":{"line":6,"column":8},"end":{"line":6,"column":26}},"2":{"start":{"line":7,"column":8},"end":{"line":7,"column":27}},"3":{"start":{"line":8,"column":8},"end":{"line":8,"column":27}},"4":{"start":{"line":9,"column":8},"end":{"line":9,"column":27}},"5":{"start":{"line":10,"column":8},"end":{"line":10,"column":33}},"6":{"start":{"line":11,"column":8},"end":{"line":11,"column":27}},"7":{"start":{"line":12,"column":8},"end":{"line":12,"column":27}},"8":{"start":{"line":16,"column":25},"end":{"line":16,"column":69}},"9":{"start":{"line":17,"column":8},"end":{"line":17,"column":51}},"10":{"start":{"line":17,"column":38},"end":{"line":17,"column":49}},"11":{"start":{"line":21,"column":25},"end":{"line":21,"column":145}},"12":{"start":{"line":22,"column":8},"end":{"line":24,"column":9}},"13":{"start":{"line":23,"column":12},"end":{"line":23,"column":52}},"14":{"start":{"line":25,"column":8},"end":{"line":25,"column":42}},"15":{"start":{"line":29,"column":62},"end":{"line":29,"column":66}},"16":{"start":{"line":30,"column":25},"end":{"line":30,"column":204}},"17":{"start":{"line":32,"column":8},"end":{"line":32,"column":42}},"18":{"start":{"line":36,"column":59},"end":{"line":36,"column":63}},"19":{"start":{"line":38,"column":8},"end":{"line":40,"column":9}},"20":{"start":{"line":39,"column":12},"end":{"line":39,"column":45}},"21":{"start":{"line":41,"column":25},"end":{"line":41,"column":202}},"22":{"start":{"line":42,"column":8},"end":{"line":42,"column":42}},"23":{"start":{"line":46,"column":25},"end":{"line":46,"column":146}},"24":{"start":{"line":47,"column":8},"end":{"line":49,"column":9}},"25":{"start":{"line":48,"column":12},"end":{"line":48,"column":52}},"26":{"start":{"line":50,"column":8},"end":{"line":50,"column":42}},"27":{"start":{"line":55,"column":0},"end":{"line":55,"column":22}}},"fnMap":{"0":{"name":"(anonymous_0)","decl":{"start":{"line":5,"column":4},"end":{"line":5,"column":5}},"loc":{"start":{"line":5,"column":75},"end":{"line":13,"column":5}},"line":5},"1":{"name":"(anonymous_1)","decl":{"start":{"line":15,"column":4},"end":{"line":15,"column":5}},"loc":{"start":{"line":15,"column":26},"end":{"line":18,"column":5}},"line":15},"2":{"name":"(anonymous_2)","decl":{"start":{"line":17,"column":33},"end":{"line":17,"column":34}},"loc":{"start":{"line":17,"column":38},"end":{"line":17,"column":49}},"line":17},"3":{"name":"(anonymous_3)","decl":{"start":{"line":20,"column":4},"end":{"line":20,"column":5}},"loc":{"start":{"line":20,"column":32},"end":{"line":26,"column":5}},"line":20},"4":{"name":"(anonymous_4)","decl":{"start":{"line":28,"column":4},"end":{"line":28,"column":5}},"loc":{"start":{"line":28,"column":30},"end":{"line":33,"column":5}},"line":28},"5":{"name":"(anonymous_5)","decl":{"start":{"line":35,"column":4},"end":{"line":35,"column":5}},"loc":{"start":{"line":35,"column":23},"end":{"line":43,"column":5}},"line":35},"6":{"name":"(anonymous_6)","decl":{"start":{"line":45,"column":4},"end":{"line":45,"column":5}},"loc":{"start":{"line":45,"column":38},"end":{"line":51,"column":5}},"line":45}},"branchMap":{"0":{"loc":{"start":{"line":22,"column":8},"end":{"line":24,"column":9}},"type":"if","locations":[{"start":{"line":22,"column":8},"end":{"line":24,"column":9}},{"start":{},"end":{}}],"line":22},"1":{"loc":{"start":{"line":36,"column":43},"end":{"line":36,"column":55}},"type":"default-arg","locations":[{"start":{"line":36,"column":51},"end":{"line":36,"column":55}}],"line":36},"2":{"loc":{"start":{"line":38,"column":8},"end":{"line":40,"column":9}},"type":"if","locations":[{"start":{"line":38,"column":8},"end":{"line":40,"column":9}},{"start":{},"end":{}}],"line":38},"3":{"loc":{"start":{"line":38,"column":12},"end":{"line":38,"column":28}},"type":"binary-expr","locations":[{"start":{"line":38,"column":12},"end":{"line":38,"column":18}},{"start":{"line":38,"column":22},"end":{"line":38,"column":28}}],"line":38},"4":{"loc":{"start":{"line":38,"column":30},"end":{"line":38,"column":67}},"type":"binary-expr","locations":[{"start":{"line":38,"column":30},"end":{"line":38,"column":36}},{"start":{"line":38,"column":41},"end":{"line":38,"column":47}},{"start":{"line":38,"column":51},"end":{"line":38,"column":66}}],"line":38},"5":{"loc":{"start":{"line":47,"column":8},"end":{"line":49,"column":9}},"type":"if","locations":[{"start":{"line":47,"column":8},"end":{"line":49,"column":9}},{"start":{},"end":{}}],"line":47}},"s":{"0":2,"1":8,"2":8,"3":8,"4":8,"5":8,"6":8,"7":8,"8":2,"9":1,"10":3,"11":2,"12":1,"13":0,"14":1,"15":1,"16":1,"17":1,"18":1,"19":1,"20":0,"21":1,"22":1,"23":2,"24":1,"25":0,"26":1,"27":2},"f":{"0":8,"1":2,"2":3,"3":2,"4":1,"5":1,"6":2},"b":{"0":[0,1],"1":[0],"2":[0,1],"3":[1,1],"4":[1,1,0],"5":[0,1]},"_coverageSchema":"1a1c01bbd47fc00a2c39e90264f33305004495a9","hash":"4df0595b53b0b284cc53e0919a37b5fc5ef0f590"}
,"/Users/angelikaprudente/Desktop/Mocktologist/Backend/routers/drink.js": {"path":"/Users/angelikaprudente/Desktop/Mocktologist/Backend/routers/drink.js","statementMap":{"0":{"start":{"line":1,"column":19},"end":{"line":1,"column":37}},"1":{"start":{"line":3,"column":24},"end":{"line":3,"column":58}},"2":{"start":{"line":5,"column":20},"end":{"line":5,"column":28}},"3":{"start":{"line":7,"column":0},"end":{"line":7,"column":50}},"4":{"start":{"line":8,"column":0},"end":{"line":8,"column":52}},"5":{"start":{"line":9,"column":0},"end":{"line":9,"column":59}},"6":{"start":{"line":10,"column":0},"end":{"line":10,"column":61}},"7":{"start":{"line":11,"column":0},"end":{"line":11,"column":68}},"8":{"start":{"line":12,"column":0},"end":{"line":12,"column":52}},"9":{"start":{"line":13,"column":0},"end":{"line":13,"column":61}},"10":{"start":{"line":14,"column":0},"end":{"line":14,"column":63}},"11":{"start":{"line":15,"column":0},"end":{"line":15,"column":53}},"12":{"start":{"line":17,"column":0},"end":{"line":17,"column":29}}},"fnMap":{},"branchMap":{},"s":{"0":0,"1":0,"2":0,"3":0,"4":0,"5":0,"6":0,"7":0,"8":0,"9":0,"10":0,"11":0,"12":0},"f":{},"b":{}}
,"/Users/angelikaprudente/Desktop/Mocktologist/Backend/routers/user.js": {"path":"/Users/angelikaprudente/Desktop/Mocktologist/Backend/routers/user.js","statementMap":{"0":{"start":{"line":1,"column":19},"end":{"line":1,"column":37}},"1":{"start":{"line":2,"column":22},"end":{"line":2,"column":60}},"2":{"start":{"line":5,"column":23},"end":{"line":5,"column":56}},"3":{"start":{"line":6,"column":13},"end":{"line":6,"column":41}},"4":{"start":{"line":8,"column":19},"end":{"line":8,"column":27}},"5":{"start":{"line":10,"column":0},"end":{"line":10,"column":57}},"6":{"start":{"line":11,"column":0},"end":{"line":11,"column":54}},"7":{"start":{"line":12,"column":0},"end":{"line":12,"column":48}},"8":{"start":{"line":13,"column":0},"end":{"line":13,"column":63}},"9":{"start":{"line":14,"column":0},"end":{"line":14,"column":68}},"10":{"start":{"line":15,"column":0},"end":{"line":15,"column":52}},"11":{"start":{"line":16,"column":0},"end":{"line":16,"column":70}},"12":{"start":{"line":19,"column":0},"end":{"line":19,"column":28}}},"fnMap":{},"branchMap":{},"s":{"0":0,"1":0,"2":0,"3":0,"4":0,"5":0,"6":0,"7":0,"8":0,"9":0,"10":0,"11":0,"12":0},"f":{},"b":{}}
}
